<html xmlns:math="http://exslt.org/math" xmlns:testng="http://testng.org">
   <head>
      <title>TestNG Results</title>
      <meta http-equiv="content-type" content="text/html; charset=utf-8"></meta>
      <meta http-equiv="pragma" content="no-cache"></meta>
      <meta http-equiv="cache-control" content="max-age=0"></meta>
      <meta http-equiv="cache-control" content="no-cache"></meta>
      <meta http-equiv="cache-control" content="no-store"></meta>
      <LINK rel="stylesheet" href="style.css"></LINK>
      <script type="text/javascript" src="main.js"></script>
   </head>
   <body>
      <table width="100%" style="font-size: 16px; margin-bottom: 10px;" cellspacing="1">
         <tr>
            <td width="100%">
               All methods in suite
               
               <b>TmpSuite</b>
            </td>
            <td style="background-color: #FFBBBB; padding: 3px 3px 3px 0;" align="center">
               <div style="width: 50px;">2</div>
            </td>
            <td style="background-color: lightgreen; padding: 3px 3px 3px 0;" align="center">
               <div style="width: 50px;">1</div>
            </td>
            <td style="background-color: #FFFFBB; padding: 3px 3px 3px 0;" align="center">
               <div style="width: 50px;">0</div>
            </td>
            <td align="center" style="background-color: #eaf0f7; padding: 3px 3px 3px 0;">
               <div style="width: 50px;">3</div>
            </td>
            <td align="center"
                style="font-weight: bold; background-color: #eaf0f7; padding: 3px 3px 3px 0;">
               <div style="width: 50px;">33%</div>
            </td>
            <td style="background-color: #eaf0f7; padding: 3px 3px 3px 0;" align="center"
                nowrap="true">1s
               
            </td>
         </tr>
      </table>
      <div style="width: 200px;">
         <label for="groupMethodsCheckBox" style="font-weight: bold; margin: 0;">
            <input id="groupMethodsCheckBox" type="checkbox" onclick="switchTestMethodsView(this)"
                   checked=""></input>
            Group by class
            
         </label>
         <br></br>
         <label for="methodsFilter_ALL" style="font-weight: bold; margin: 0;">
            <input id="methodsFilter_ALL" type="checkbox"
                   onclick="testMethodsFilterChanged(this, 'ALL')"
                   checked=""></input>
            All
            
         </label>
      </div>
      <label for="methodsFilter_FAIL" style="margin-left: 20px;">
         <input id="methodsFilter_FAIL" type="checkbox"
                onclick="testMethodsFilterChanged(this, 'FAIL')"
                checked=""></input>
         Failed
         
      </label>
      <label for="methodsFilter_PASS">
         <input id="methodsFilter_PASS" type="checkbox"
                onclick="testMethodsFilterChanged(this, 'PASS')"
                checked=""></input>
         Passed
         
      </label>
      <label for="methodsFilter_SKIP">
         <input id="methodsFilter_SKIP" type="checkbox"
                onclick="testMethodsFilterChanged(this, 'SKIP')"
                checked=""></input>
         Skipped
         
      </label>
      <label for="methodsFilter_CONF">
         <input id="methodsFilter_CONF" type="checkbox"
                onclick="testMethodsFilterChanged(this, 'CONF')"
                checked=""></input>
         Config
         
      </label>
      <br></br>
      <div id="testMethodsByStatus" style="display: none;">
         <table class="testMethodsTable" cellpadding="0" cellspacing="0">
            <tr class="methodsTableHeader">
               <td width="100%">Name</td>
               <td nowrap="true">Started</td>
               <td nowrap="true">Duration</td>
               <td>Exception</td>
            </tr>
            <tr id="com.example.testCases.TestCase01_testCase2_byStatus_failed_FAIL1_row"
                class="testMethodStatusFAIL">
               <td width="100%" class="firstMethodCell">
                  <a onclick="toggleDetailsVisibility('com.example.testCases.TestCase01_testCase2_byStatus_failed_FAIL1_details')">testCase2()</a>
               </td>
               <td nowrap="true">01:38:49</td>
               <td nowrap="true" align="right">2 ms
                  
               </td>
               <td nowrap="true">
                  <a onclick="toggleDetailsVisibility('com.example.testCases.TestCase01_testCase2_byStatus_failed_FAIL1_exception')">java.lang.AssertionError: 
                     Assert Failed Message
                     
                  </a>
                   
                  
               </td>
            </tr>
            <tr>
               <td colspan="4" class="detailsBox">
                  <div id="com.example.testCases.TestCase01_testCase2_byStatus_failed_FAIL1_details"
                       class="testMethodDetails">
                     <div>
                        <b>Name: </b>testCase2
                     </div>
                     <div>
                        <b>Signature: </b>testCase2()[pri:0, instance:com.example.testCases.TestCase01@2e3ae1a]
                     </div>
                     <div>
                        <b>Start time: </b>01:38:49
                     </div>
                     <div>
                        <b>End time: </b>01:38:49
                     </div>
                     <div>
                        <b>Duration: </b>2 ms
                        
                     </div>
                  </div>
               </td>
            </tr>
            <tr>
               <td colspan="4" class="detailsBox">
                  <div id="com.example.testCases.TestCase01_testCase2_byStatus_failed_FAIL1_exception"
                       class="testMethodDetails">
                     <pre style="padding: 5px; margin: 0;">java.lang.AssertionError: Assert Failed Message
                        	at com.example.utils.CustomListner.onTestFailure(CustomListner.java:15)
                        	at org.testng.internal.Invoker.runTestListeners(Invoker.java:1797)
                        	at org.testng.internal.Invoker.runTestListeners(Invoker.java:1781)
                        	at org.testng.internal.Invoker.invokeMethod(Invoker.java:721)
                        	at org.testng.internal.Invoker.invokeTestMethod(Invoker.java:845)
                        	at org.testng.internal.Invoker.invokeTestMethods(Invoker.java:1153)
                        	at org.testng.internal.TestMethodWorker.invokeTestMethods(TestMethodWorker.java:125)
                        	at org.testng.internal.TestMethodWorker.run(TestMethodWorker.java:108)
                        	at org.testng.TestRunner.privateRun(TestRunner.java:771)
                        	at org.testng.TestRunner.run(TestRunner.java:621)
                        	at org.testng.SuiteRunner.runTest(SuiteRunner.java:357)
                        	at org.testng.SuiteRunner.runSequentially(SuiteRunner.java:352)
                        	at org.testng.SuiteRunner.privateRun(SuiteRunner.java:310)
                        	at org.testng.SuiteRunner.run(SuiteRunner.java:259)
                        	at org.testng.SuiteRunnerWorker.runSuite(SuiteRunnerWorker.java:52)
                        	at org.testng.SuiteRunnerWorker.run(SuiteRunnerWorker.java:86)
                        	at org.testng.TestNG.runSuitesSequentially(TestNG.java:1199)
                        	at org.testng.TestNG.runSuitesLocally(TestNG.java:1124)
                        	at org.testng.TestNG.run(TestNG.java:1032)
                        	at com.example.utils.Driver.main(Driver.java:41)
                        	at sun.reflect.NativeMethodAccessorImpl.invoke0(Native Method)
                        	at sun.reflect.NativeMethodAccessorImpl.invoke(Unknown Source)
                        	at sun.reflect.DelegatingMethodAccessorImpl.invoke(Unknown Source)
                        	at java.lang.reflect.Method.invoke(Unknown Source)
                        	at org.codehaus.mojo.exec.ExecJavaMojo$1.run(ExecJavaMojo.java:293)
                        	at java.lang.Thread.run(Unknown Source)
                     </pre>
                  </div>
               </td>
            </tr>
            <tr id="com.example.testCases.TestCase01_testCase3_byStatus_failed_FAIL2_row"
                class="testMethodStatusFAIL">
               <td width="100%" class="firstMethodCell">
                  <a onclick="toggleDetailsVisibility('com.example.testCases.TestCase01_testCase3_byStatus_failed_FAIL2_details')">testCase3()</a>
               </td>
               <td nowrap="true">01:38:49</td>
               <td nowrap="true" align="right">0 ms
                  
               </td>
               <td nowrap="true">
                  <a onclick="toggleDetailsVisibility('com.example.testCases.TestCase01_testCase3_byStatus_failed_FAIL2_exception')">java.lang.AssertionError: 
                     Assert Failed Message - TestCase 3
                     
                  </a>
                   
                  
               </td>
            </tr>
            <tr>
               <td colspan="4" class="detailsBox">
                  <div id="com.example.testCases.TestCase01_testCase3_byStatus_failed_FAIL2_details"
                       class="testMethodDetails">
                     <div>
                        <b>Name: </b>testCase3
                     </div>
                     <div>
                        <b>Signature: </b>testCase3()[pri:0, instance:com.example.testCases.TestCase01@2e3ae1a]
                     </div>
                     <div>
                        <b>Start time: </b>01:38:49
                     </div>
                     <div>
                        <b>End time: </b>01:38:49
                     </div>
                     <div>
                        <b>Duration: </b>0 ms
                        
                     </div>
                  </div>
               </td>
            </tr>
            <tr>
               <td colspan="4" class="detailsBox">
                  <div id="com.example.testCases.TestCase01_testCase3_byStatus_failed_FAIL2_exception"
                       class="testMethodDetails">
                     <pre style="padding: 5px; margin: 0;">java.lang.AssertionError: Assert Failed Message - TestCase 3
                        	at com.example.utils.CustomListner.onTestFailure(CustomListner.java:15)
                        	at org.testng.internal.Invoker.runTestListeners(Invoker.java:1797)
                        	at org.testng.internal.Invoker.runTestListeners(Invoker.java:1781)
                        	at org.testng.internal.Invoker.invokeMethod(Invoker.java:721)
                        	at org.testng.internal.Invoker.invokeTestMethod(Invoker.java:845)
                        	at org.testng.internal.Invoker.invokeTestMethods(Invoker.java:1153)
                        	at org.testng.internal.TestMethodWorker.invokeTestMethods(TestMethodWorker.java:125)
                        	at org.testng.internal.TestMethodWorker.run(TestMethodWorker.java:108)
                        	at org.testng.TestRunner.privateRun(TestRunner.java:771)
                        	at org.testng.TestRunner.run(TestRunner.java:621)
                        	at org.testng.SuiteRunner.runTest(SuiteRunner.java:357)
                        	at org.testng.SuiteRunner.runSequentially(SuiteRunner.java:352)
                        	at org.testng.SuiteRunner.privateRun(SuiteRunner.java:310)
                        	at org.testng.SuiteRunner.run(SuiteRunner.java:259)
                        	at org.testng.SuiteRunnerWorker.runSuite(SuiteRunnerWorker.java:52)
                        	at org.testng.SuiteRunnerWorker.run(SuiteRunnerWorker.java:86)
                        	at org.testng.TestNG.runSuitesSequentially(TestNG.java:1199)
                        	at org.testng.TestNG.runSuitesLocally(TestNG.java:1124)
                        	at org.testng.TestNG.run(TestNG.java:1032)
                        	at com.example.utils.Driver.main(Driver.java:41)
                        	at sun.reflect.NativeMethodAccessorImpl.invoke0(Native Method)
                        	at sun.reflect.NativeMethodAccessorImpl.invoke(Unknown Source)
                        	at sun.reflect.DelegatingMethodAccessorImpl.invoke(Unknown Source)
                        	at java.lang.reflect.Method.invoke(Unknown Source)
                        	at org.codehaus.mojo.exec.ExecJavaMojo$1.run(ExecJavaMojo.java:293)
                        	at java.lang.Thread.run(Unknown Source)
                     </pre>
                  </div>
               </td>
            </tr>
            <tr id="com.example.testCases.TestCase01_setup_byStatus_passed_PASS1_row"
                class="testMethodStatusPASS testMethodStatusCONF">
               <td width="100%" class="firstMethodCell">
                  <a onclick="toggleDetailsVisibility('com.example.testCases.TestCase01_setup_byStatus_passed_PASS1_details')">setup()</a>
               </td>
               <td nowrap="true">01:38:48</td>
               <td nowrap="true" align="right">9 ms
                  
               </td>
               <td nowrap="true">
                   
                  
               </td>
            </tr>
            <tr>
               <td colspan="4" class="detailsBox">
                  <div id="com.example.testCases.TestCase01_setup_byStatus_passed_PASS1_details"
                       class="testMethodDetails">
                     <div>
                        <b>Name: </b>setup
                     </div>
                     <div>
                        <b>Signature: </b>setup()[pri:0, instance:com.example.testCases.TestCase01@2e3ae1a]
                     </div>
                     <div>
                        <b>Start time: </b>01:38:48
                     </div>
                     <div>
                        <b>End time: </b>01:38:48
                     </div>
                     <div>
                        <b>Duration: </b>9 ms
                        
                     </div>
                  </div>
               </td>
            </tr>
            <tr></tr>
            <tr id="com.example.testCases.TestCase01_testCase1_byStatus_passed_PASS2_row"
                class="testMethodStatusPASS">
               <td width="100%" class="firstMethodCell">
                  <a onclick="toggleDetailsVisibility('com.example.testCases.TestCase01_testCase1_byStatus_passed_PASS2_details')">testCase1()</a>
               </td>
               <td nowrap="true">01:38:48</td>
               <td nowrap="true" align="right">1s
                  
               </td>
               <td nowrap="true">
                   
                  
               </td>
            </tr>
            <tr>
               <td colspan="4" class="detailsBox">
                  <div id="com.example.testCases.TestCase01_testCase1_byStatus_passed_PASS2_details"
                       class="testMethodDetails">
                     <div>
                        <b>Name: </b>testCase1
                     </div>
                     <div>
                        <b>Signature: </b>testCase1()[pri:0, instance:com.example.testCases.TestCase01@2e3ae1a]
                     </div>
                     <div>
                        <b>Start time: </b>01:38:48
                     </div>
                     <div>
                        <b>End time: </b>01:38:49
                     </div>
                     <div>
                        <b>Duration: </b>1s
                        
                     </div>
                  </div>
               </td>
            </tr>
            <tr></tr>
         </table>
      </div>
      <div id="testMethodsByClass">
         <table class="testMethodsTable" cellpadding="0" cellspacing="0">
            <tr>
               <td colspan="4">
                  <h3 style="display: inline;">com.example.testCases.TestCase01</h3>
               </td>
            </tr>
            <tr class="methodsTableHeader">
               <td width="100%">Name</td>
               <td nowrap="true">Started</td>
               <td nowrap="true">Duration</td>
               <td>Exception</td>
            </tr>
            <tr id="com.example.testCases.TestCase01_setup_byClass_PASS1_row"
                class="testMethodStatusPASS testMethodStatusCONF">
               <td width="100%" class="firstMethodCell">
                  <a onclick="toggleDetailsVisibility('com.example.testCases.TestCase01_setup_byClass_PASS1_details')">setup()</a>
               </td>
               <td nowrap="true">01:38:48</td>
               <td nowrap="true" align="right">9 ms
                  
               </td>
               <td nowrap="true">
                   
                  
               </td>
            </tr>
            <tr>
               <td colspan="4" class="detailsBox">
                  <div id="com.example.testCases.TestCase01_setup_byClass_PASS1_details"
                       class="testMethodDetails">
                     <div>
                        <b>Name: </b>setup
                     </div>
                     <div>
                        <b>Signature: </b>setup()[pri:0, instance:com.example.testCases.TestCase01@2e3ae1a]
                     </div>
                     <div>
                        <b>Start time: </b>01:38:48
                     </div>
                     <div>
                        <b>End time: </b>01:38:48
                     </div>
                     <div>
                        <b>Duration: </b>9 ms
                        
                     </div>
                  </div>
               </td>
            </tr>
            <tr></tr>
            <tr id="com.example.testCases.TestCase01_testCase1_byClass_PASS2_row"
                class="testMethodStatusPASS">
               <td width="100%" class="firstMethodCell">
                  <a onclick="toggleDetailsVisibility('com.example.testCases.TestCase01_testCase1_byClass_PASS2_details')">testCase1()</a>
               </td>
               <td nowrap="true">01:38:48</td>
               <td nowrap="true" align="right">1s
                  
               </td>
               <td nowrap="true">
                   
                  
               </td>
            </tr>
            <tr>
               <td colspan="4" class="detailsBox">
                  <div id="com.example.testCases.TestCase01_testCase1_byClass_PASS2_details"
                       class="testMethodDetails">
                     <div>
                        <b>Name: </b>testCase1
                     </div>
                     <div>
                        <b>Signature: </b>testCase1()[pri:0, instance:com.example.testCases.TestCase01@2e3ae1a]
                     </div>
                     <div>
                        <b>Start time: </b>01:38:48
                     </div>
                     <div>
                        <b>End time: </b>01:38:49
                     </div>
                     <div>
                        <b>Duration: </b>1s
                        
                     </div>
                  </div>
               </td>
            </tr>
            <tr></tr>
            <tr id="com.example.testCases.TestCase01_testCase2_byClass_FAIL3_row"
                class="testMethodStatusFAIL">
               <td width="100%" class="firstMethodCell">
                  <a onclick="toggleDetailsVisibility('com.example.testCases.TestCase01_testCase2_byClass_FAIL3_details')">testCase2()</a>
               </td>
               <td nowrap="true">01:38:49</td>
               <td nowrap="true" align="right">2 ms
                  
               </td>
               <td nowrap="true">
                  <a onclick="toggleDetailsVisibility('com.example.testCases.TestCase01_testCase2_byClass_FAIL3_exception')">java.lang.AssertionError: 
                     Assert Failed Message
                     
                  </a>
                   
                  
               </td>
            </tr>
            <tr>
               <td colspan="4" class="detailsBox">
                  <div id="com.example.testCases.TestCase01_testCase2_byClass_FAIL3_details"
                       class="testMethodDetails">
                     <div>
                        <b>Name: </b>testCase2
                     </div>
                     <div>
                        <b>Signature: </b>testCase2()[pri:0, instance:com.example.testCases.TestCase01@2e3ae1a]
                     </div>
                     <div>
                        <b>Start time: </b>01:38:49
                     </div>
                     <div>
                        <b>End time: </b>01:38:49
                     </div>
                     <div>
                        <b>Duration: </b>2 ms
                        
                     </div>
                  </div>
               </td>
            </tr>
            <tr>
               <td colspan="4" class="detailsBox">
                  <div id="com.example.testCases.TestCase01_testCase2_byClass_FAIL3_exception"
                       class="testMethodDetails">
                     <pre style="padding: 5px; margin: 0;">java.lang.AssertionError: Assert Failed Message
                        	at com.example.utils.CustomListner.onTestFailure(CustomListner.java:15)
                        	at org.testng.internal.Invoker.runTestListeners(Invoker.java:1797)
                        	at org.testng.internal.Invoker.runTestListeners(Invoker.java:1781)
                        	at org.testng.internal.Invoker.invokeMethod(Invoker.java:721)
                        	at org.testng.internal.Invoker.invokeTestMethod(Invoker.java:845)
                        	at org.testng.internal.Invoker.invokeTestMethods(Invoker.java:1153)
                        	at org.testng.internal.TestMethodWorker.invokeTestMethods(TestMethodWorker.java:125)
                        	at org.testng.internal.TestMethodWorker.run(TestMethodWorker.java:108)
                        	at org.testng.TestRunner.privateRun(TestRunner.java:771)
                        	at org.testng.TestRunner.run(TestRunner.java:621)
                        	at org.testng.SuiteRunner.runTest(SuiteRunner.java:357)
                        	at org.testng.SuiteRunner.runSequentially(SuiteRunner.java:352)
                        	at org.testng.SuiteRunner.privateRun(SuiteRunner.java:310)
                        	at org.testng.SuiteRunner.run(SuiteRunner.java:259)
                        	at org.testng.SuiteRunnerWorker.runSuite(SuiteRunnerWorker.java:52)
                        	at org.testng.SuiteRunnerWorker.run(SuiteRunnerWorker.java:86)
                        	at org.testng.TestNG.runSuitesSequentially(TestNG.java:1199)
                        	at org.testng.TestNG.runSuitesLocally(TestNG.java:1124)
                        	at org.testng.TestNG.run(TestNG.java:1032)
                        	at com.example.utils.Driver.main(Driver.java:41)
                        	at sun.reflect.NativeMethodAccessorImpl.invoke0(Native Method)
                        	at sun.reflect.NativeMethodAccessorImpl.invoke(Unknown Source)
                        	at sun.reflect.DelegatingMethodAccessorImpl.invoke(Unknown Source)
                        	at java.lang.reflect.Method.invoke(Unknown Source)
                        	at org.codehaus.mojo.exec.ExecJavaMojo$1.run(ExecJavaMojo.java:293)
                        	at java.lang.Thread.run(Unknown Source)
                     </pre>
                  </div>
               </td>
            </tr>
            <tr id="com.example.testCases.TestCase01_testCase3_byClass_FAIL4_row"
                class="testMethodStatusFAIL">
               <td width="100%" class="firstMethodCell">
                  <a onclick="toggleDetailsVisibility('com.example.testCases.TestCase01_testCase3_byClass_FAIL4_details')">testCase3()</a>
               </td>
               <td nowrap="true">01:38:49</td>
               <td nowrap="true" align="right">0 ms
                  
               </td>
               <td nowrap="true">
                  <a onclick="toggleDetailsVisibility('com.example.testCases.TestCase01_testCase3_byClass_FAIL4_exception')">java.lang.AssertionError: 
                     Assert Failed Message - TestCase 3
                     
                  </a>
                   
                  
               </td>
            </tr>
            <tr>
               <td colspan="4" class="detailsBox">
                  <div id="com.example.testCases.TestCase01_testCase3_byClass_FAIL4_details"
                       class="testMethodDetails">
                     <div>
                        <b>Name: </b>testCase3
                     </div>
                     <div>
                        <b>Signature: </b>testCase3()[pri:0, instance:com.example.testCases.TestCase01@2e3ae1a]
                     </div>
                     <div>
                        <b>Start time: </b>01:38:49
                     </div>
                     <div>
                        <b>End time: </b>01:38:49
                     </div>
                     <div>
                        <b>Duration: </b>0 ms
                        
                     </div>
                  </div>
               </td>
            </tr>
            <tr>
               <td colspan="4" class="detailsBox">
                  <div id="com.example.testCases.TestCase01_testCase3_byClass_FAIL4_exception"
                       class="testMethodDetails">
                     <pre style="padding: 5px; margin: 0;">java.lang.AssertionError: Assert Failed Message - TestCase 3
                        	at com.example.utils.CustomListner.onTestFailure(CustomListner.java:15)
                        	at org.testng.internal.Invoker.runTestListeners(Invoker.java:1797)
                        	at org.testng.internal.Invoker.runTestListeners(Invoker.java:1781)
                        	at org.testng.internal.Invoker.invokeMethod(Invoker.java:721)
                        	at org.testng.internal.Invoker.invokeTestMethod(Invoker.java:845)
                        	at org.testng.internal.Invoker.invokeTestMethods(Invoker.java:1153)
                        	at org.testng.internal.TestMethodWorker.invokeTestMethods(TestMethodWorker.java:125)
                        	at org.testng.internal.TestMethodWorker.run(TestMethodWorker.java:108)
                        	at org.testng.TestRunner.privateRun(TestRunner.java:771)
                        	at org.testng.TestRunner.run(TestRunner.java:621)
                        	at org.testng.SuiteRunner.runTest(SuiteRunner.java:357)
                        	at org.testng.SuiteRunner.runSequentially(SuiteRunner.java:352)
                        	at org.testng.SuiteRunner.privateRun(SuiteRunner.java:310)
                        	at org.testng.SuiteRunner.run(SuiteRunner.java:259)
                        	at org.testng.SuiteRunnerWorker.runSuite(SuiteRunnerWorker.java:52)
                        	at org.testng.SuiteRunnerWorker.run(SuiteRunnerWorker.java:86)
                        	at org.testng.TestNG.runSuitesSequentially(TestNG.java:1199)
                        	at org.testng.TestNG.runSuitesLocally(TestNG.java:1124)
                        	at org.testng.TestNG.run(TestNG.java:1032)
                        	at com.example.utils.Driver.main(Driver.java:41)
                        	at sun.reflect.NativeMethodAccessorImpl.invoke0(Native Method)
                        	at sun.reflect.NativeMethodAccessorImpl.invoke(Unknown Source)
                        	at sun.reflect.DelegatingMethodAccessorImpl.invoke(Unknown Source)
                        	at java.lang.reflect.Method.invoke(Unknown Source)
                        	at org.codehaus.mojo.exec.ExecJavaMojo$1.run(ExecJavaMojo.java:293)
                        	at java.lang.Thread.run(Unknown Source)
                     </pre>
                  </div>
               </td>
            </tr>
         </table>
         <br></br>
      </div>
      <div style="margin-top: 15px; color: gray; text-align: center; font-size: 9px;">
         Generated with
         
         <a href="http://code.google.com/p/testng-xslt/" style="color: #8888aa;"
            target="_blank">
            TestNG XSLT
            
         </a>
      </div>
   </body>
</html>