<?xml version="1.0" encoding="UTF-8"?>
<!-- Generated by org.testng.reporters.JUnitReportReporter -->
<testsuite hostname="sys" name="com.example.testCases.TestCase01" tests="3" failures="2" timestamp="21 Jun 2015 11:20:47 GMT" time="1.051" errors="0">
  <testcase name="testCase2" time="0.003" classname="com.example.testCases.TestCase01">
    <failure type="java.lang.AssertionError" message="Assert Failed Message">
      <![CDATA[java.lang.AssertionError: Assert Failed Message
	at com.example.utils.CustomListner.onTestFailure(CustomListner.java:15)
	at org.testng.internal.Invoker.runTestListeners(Invoker.java:1797)
	at org.testng.internal.Invoker.runTestListeners(Invoker.java:1781)
	at org.testng.internal.Invoker.invokeMethod(Invoker.java:721)
	at org.testng.internal.Invoker.invokeTestMethod(Invoker.java:845)
	at org.testng.internal.Invoker.invokeTestMethods(Invoker.java:1153)
	at org.testng.internal.TestMethodWorker.invokeTestMethods(TestMethodWorker.java:125)
	at org.testng.internal.TestMethodWorker.run(TestMethodWorker.java:108)
	at org.testng.TestRunner.privateRun(TestRunner.java:771)
	at org.testng.TestRunner.run(TestRunner.java:621)
	at org.testng.SuiteRunner.runTest(SuiteRunner.java:357)
	at org.testng.SuiteRunner.runSequentially(SuiteRunner.java:352)
	at org.testng.SuiteRunner.privateRun(SuiteRunner.java:310)
	at org.testng.SuiteRunner.run(SuiteRunner.java:259)
	at org.testng.SuiteRunnerWorker.runSuite(SuiteRunnerWorker.java:52)
	at org.testng.SuiteRunnerWorker.run(SuiteRunnerWorker.java:86)
	at org.testng.TestNG.runSuitesSequentially(TestNG.java:1199)
	at org.testng.TestNG.runSuitesLocally(TestNG.java:1124)
	at org.testng.TestNG.run(TestNG.java:1032)
	at com.example.utils.Driver.main(Driver.java:41)
	at sun.reflect.NativeMethodAccessorImpl.invoke0(Native Method)
	at sun.reflect.NativeMethodAccessorImpl.invoke(Unknown Source)
	at sun.reflect.DelegatingMethodAccessorImpl.invoke(Unknown Source)
	at java.lang.reflect.Method.invoke(Unknown Source)
	at org.codehaus.mojo.exec.ExecJavaMojo$1.run(ExecJavaMojo.java:293)
	at java.lang.Thread.run(Unknown Source)
]]>
    </failure>
  </testcase> <!-- testCase2 -->
  <testcase name="testCase3" time="0.001" classname="com.example.testCases.TestCase01">
    <failure type="java.lang.AssertionError" message="Assert Failed Message - TestCase 3">
      <![CDATA[java.lang.AssertionError: Assert Failed Message - TestCase 3
	at com.example.utils.CustomListner.onTestFailure(CustomListner.java:15)
	at org.testng.internal.Invoker.runTestListeners(Invoker.java:1797)
	at org.testng.internal.Invoker.runTestListeners(Invoker.java:1781)
	at org.testng.internal.Invoker.invokeMethod(Invoker.java:721)
	at org.testng.internal.Invoker.invokeTestMethod(Invoker.java:845)
	at org.testng.internal.Invoker.invokeTestMethods(Invoker.java:1153)
	at org.testng.internal.TestMethodWorker.invokeTestMethods(TestMethodWorker.java:125)
	at org.testng.internal.TestMethodWorker.run(TestMethodWorker.java:108)
	at org.testng.TestRunner.privateRun(TestRunner.java:771)
	at org.testng.TestRunner.run(TestRunner.java:621)
	at org.testng.SuiteRunner.runTest(SuiteRunner.java:357)
	at org.testng.SuiteRunner.runSequentially(SuiteRunner.java:352)
	at org.testng.SuiteRunner.privateRun(SuiteRunner.java:310)
	at org.testng.SuiteRunner.run(SuiteRunner.java:259)
	at org.testng.SuiteRunnerWorker.runSuite(SuiteRunnerWorker.java:52)
	at org.testng.SuiteRunnerWorker.run(SuiteRunnerWorker.java:86)
	at org.testng.TestNG.runSuitesSequentially(TestNG.java:1199)
	at org.testng.TestNG.runSuitesLocally(TestNG.java:1124)
	at org.testng.TestNG.run(TestNG.java:1032)
	at com.example.utils.Driver.main(Driver.java:41)
	at sun.reflect.NativeMethodAccessorImpl.invoke0(Native Method)
	at sun.reflect.NativeMethodAccessorImpl.invoke(Unknown Source)
	at sun.reflect.DelegatingMethodAccessorImpl.invoke(Unknown Source)
	at java.lang.reflect.Method.invoke(Unknown Source)
	at org.codehaus.mojo.exec.ExecJavaMojo$1.run(ExecJavaMojo.java:293)
	at java.lang.Thread.run(Unknown Source)
]]>
    </failure>
  </testcase> <!-- testCase3 -->
  <testcase name="testCase1" time="1.047" classname="com.example.testCases.TestCase01"/>
</testsuite> <!-- com.example.testCases.TestCase01 -->
